Arguments: 
  /usr/local/Cellar/node@10/10.16.3/bin/node /usr/local/bin/yarn add elvis-web

PATH: 
  /Users/mercury/.cargo/bin:/Users/mercury/Library/Android/sdk/emulator:/Users/mercury/Library/Android/sdk/platform-tools:/Users/mercury/Library/Android/sdk/tools/bin:/Users/mercury/Library/Android/sdk/tools:/Users/mercury/Library/go/bin:/usr/local/opt/ruby/bin:/usr/local/opt/node@10/bin:/Users/mercury/.yarn/bin:/Users/mercury/.config/yarn/global/node_modules/.bin:/Users/mercury/.local/bin:/Users/mercury/.cargo/bin:/usr/local/sbin:/Users/mercury/.pub-cache/bin:/Users/mercury/Library/gems/bin:/Users/mercury/.gem/ruby/2.6.0/bin:/Users/mercury/Library/bin:/usr/local/bin:/usr/bin:/bin:/usr/sbin:/sbin:/usr/local/go/bin:/usr/local/aria2/bin:/opt/X11/bin:/Applications/Wireshark.app/Contents/MacOS:/Users/mercury/.cargo/bin:/Users/mercury/Library/Android/sdk/emulator:/Users/mercury/Library/Android/sdk/platform-tools:/Users/mercury/Library/Android/sdk/tools/bin:/Users/mercury/Library/Android/sdk/tools:/Users/mercury/Library/go/bin:/usr/local/opt/ruby/bin:/usr/local/opt/node@10/bin:/Users/mercury/.yarn/bin:/Users/mercury/.config/yarn/global/node_modules/.bin:/Users/mercury/.local/bin:/usr/local/sbin:/Users/mercury/.pub-cache/bin:/Users/mercury/Library/gems/bin:/Users/mercury/.gem/ruby/2.6.0/bin:/Users/mercury/Library/bin:/Users/mercury/Library/flutter/bin:/Users/mercury/Library/flutter/bin

Yarn version: 
  1.21.1

Node version: 
  10.16.3

Platform: 
  darwin x64

Trace: 
  SyntaxError: /Users/mercury/Code/elvis/calling-elvis/package.json: Unexpected token } in JSON at position 442
      at JSON.parse (<anonymous>)
      at /usr/local/lib/node_modules/yarn/lib/cli.js:1625:59
      at Generator.next (<anonymous>)
      at step (/usr/local/lib/node_modules/yarn/lib/cli.js:310:30)
      at /usr/local/lib/node_modules/yarn/lib/cli.js:321:13

npm manifest: 
  {
    "name": "calling-elvis",
    "collaborators": [
      "clearloop <udtrokia@gmail.com>"
    ],
    "description": "Calling Elvis, is anybody home?",
    "version": "0.1.3",
    "license": "MIT",
    "repository": {
      "type": "git",
      "url": "https://github.com/clearloop/elvis"
    },
    "files": [
      "lib/**/*"
    ],
    "module": "lib/index.js",
    "homepage": "https://github.com/clearloop/elvis",
    "types": "elvis_web.d.ts",
    "sideEffects": false,
  }

yarn manifest: 
  No manifest

Lockfile: 
  # THIS IS AN AUTOGENERATED FILE. DO NOT EDIT THIS FILE DIRECTLY.
  # yarn lockfile v1
  
  
  elvis-web@^0.1.0:
    version "0.1.0"
    resolved "https://registry.npm.taobao.org/elvis-web/download/elvis-web-0.1.0.tgz#3f4f562e82271b7033ac22fb03e9f5dd95158c14"
    integrity sha1-P09WLoInG3AzrCL7A+n13ZUVjBQ=
